2025-04-20 14:26:19.627 [main] INFO  Managers.ConnectionManager - ConnectionManager initialized on port 1234
2025-04-20 14:26:19.636 [main] INFO  Managers.ConnectionManager - Starting TCP server...
2025-04-20 14:26:32.782 [main] INFO  Managers.ConnectionManager - Client connected: /127.0.0.1:57891
2025-04-20 14:26:36.383 [main] DEBUG Managers.ConnectionManager - Received command: 204
2025-04-20 14:26:36.383 [main] DEBUG Managers.ConnectionManager - Deserializing command from byte array (length: 204)
2025-04-20 14:26:36.400 [main] DEBUG Managers.ConnectionManager - Deserialized command: Command.CommandWithArgs@31edaa7d
2025-04-20 14:26:36.401 [main] DEBUG Managers.ConnectionManager - Serializing object of type: Utility.ExecutionResponse
2025-04-20 14:26:36.409 [main] DEBUG Managers.ConnectionManager - Sent object
2025-04-20 14:26:36.409 [main] INFO  Managers.ConnectionManager - Starting TCP server...
2025-04-20 14:26:58.785 [main] INFO  Managers.ConnectionManager - Client connected: /127.0.0.1:57933
2025-04-20 14:27:09.100 [main] DEBUG Managers.ConnectionManager - Received command: 204
2025-04-20 14:27:09.100 [main] DEBUG Managers.ConnectionManager - Deserializing command from byte array (length: 204)
2025-04-20 14:27:09.101 [main] DEBUG Managers.ConnectionManager - Deserialized command: Command.CommandWithArgs@239105a8
2025-04-20 14:27:09.101 [main] DEBUG Managers.ConnectionManager - Serializing object of type: Utility.ExecutionResponse
2025-04-20 14:27:09.102 [main] DEBUG Managers.ConnectionManager - Sent object
2025-04-20 14:27:09.102 [main] INFO  Managers.ConnectionManager - Starting TCP server...
2025-04-20 14:27:26.760 [main] INFO  Managers.ConnectionManager - Client connected: /127.0.0.1:57964
2025-04-20 14:27:49.498 [main] DEBUG Managers.ConnectionManager - Received command: 204
2025-04-20 14:27:49.499 [main] DEBUG Managers.ConnectionManager - Deserializing command from byte array (length: 204)
2025-04-20 14:27:49.499 [main] DEBUG Managers.ConnectionManager - Deserialized command: Command.CommandWithArgs@560348e6
2025-04-20 14:27:49.499 [main] DEBUG Managers.ConnectionManager - Serializing object of type: Utility.ExecutionResponse
2025-04-20 14:27:49.500 [main] DEBUG Managers.ConnectionManager - Sent object
2025-04-20 14:27:49.500 [main] INFO  Managers.ConnectionManager - Starting TCP server...
2025-04-20 14:29:18.687 [main] INFO  Managers.ConnectionManager - Client connected: /127.0.0.1:58106
2025-04-20 14:29:22.851 [main] DEBUG Managers.ConnectionManager - Received command: 204
2025-04-20 14:29:22.851 [main] DEBUG Managers.ConnectionManager - Deserializing command from byte array (length: 204)
2025-04-20 14:29:22.851 [main] DEBUG Managers.ConnectionManager - Deserialized command: Command.CommandWithArgs@37911f88
2025-04-20 14:29:22.851 [main] DEBUG Managers.ConnectionManager - Serializing object of type: Utility.ExecutionResponse
2025-04-20 14:29:22.852 [main] DEBUG Managers.ConnectionManager - Sent object
2025-04-20 14:29:22.852 [main] INFO  Managers.ConnectionManager - Starting TCP server...
2025-04-20 14:30:16.443 [main] INFO  Managers.ConnectionManager - Client connected: /127.0.0.1:58149
2025-04-20 14:30:20.562 [main] DEBUG Managers.ConnectionManager - Received command: 204
2025-04-20 14:30:20.562 [main] DEBUG Managers.ConnectionManager - Deserializing command from byte array (length: 204)
2025-04-20 14:30:20.562 [main] DEBUG Managers.ConnectionManager - Deserialized command: Command.CommandWithArgs@407a7f2a
2025-04-20 14:30:20.563 [main] DEBUG Managers.ConnectionManager - Serializing object of type: Utility.ExecutionResponse
2025-04-20 14:30:20.563 [main] DEBUG Managers.ConnectionManager - Sent object
2025-04-20 14:30:20.563 [main] INFO  Managers.ConnectionManager - Starting TCP server...
2025-04-20 14:34:08.213 [main] INFO  Managers.ConnectionManager - Client connected: /127.0.0.1:58379
2025-04-20 14:34:26.691 [main] ERROR Managers.ConnectionManager - Receiving error: Connection reset
2025-04-20 14:35:27.562 [main] INFO  Managers.ConnectionManager - ConnectionManager initialized on port 1234
2025-04-20 14:35:27.564 [main] INFO  Managers.ConnectionManager - Starting TCP server...
2025-04-20 14:35:33.583 [main] INFO  Managers.ConnectionManager - Client connected: /127.0.0.1:58469
2025-04-20 14:35:39.116 [main] DEBUG Managers.ConnectionManager - Received command: 204
2025-04-20 14:35:39.116 [main] DEBUG Managers.ConnectionManager - Deserializing command from byte array (length: 204)
2025-04-20 14:35:39.134 [main] DEBUG Managers.ConnectionManager - Deserialized command: Command.CommandWithArgs@1787f2a0
2025-04-20 14:35:39.136 [main] DEBUG Managers.ConnectionManager - Serializing object of type: Utility.ExecutionResponse
2025-04-20 14:35:39.139 [main] DEBUG Managers.ConnectionManager - Sent object
2025-04-20 14:35:39.139 [main] INFO  Managers.ConnectionManager - Starting TCP server...
2025-04-20 14:37:27.209 [main] INFO  Managers.ConnectionManager - Client connected: /127.0.0.1:58535
2025-04-20 14:37:35.352 [main] DEBUG Managers.ConnectionManager - Received command: 204
2025-04-20 14:37:35.352 [main] DEBUG Managers.ConnectionManager - Deserializing command from byte array (length: 204)
2025-04-20 14:37:35.352 [main] DEBUG Managers.ConnectionManager - Deserialized command: Command.CommandWithArgs@6b0d80ed
2025-04-20 14:37:35.365 [main] DEBUG Managers.ConnectionManager - Serializing object of type: Utility.ExecutionResponse
2025-04-20 14:37:35.368 [main] ERROR Managers.ConnectionManager - Sending error: Connection reset by peer
2025-04-20 14:37:35.368 [main] INFO  Managers.ConnectionManager - Starting TCP server...
2025-04-20 14:38:16.802 [main] INFO  Managers.ConnectionManager - Client connected: /127.0.0.1:58546
2025-04-20 14:38:19.003 [main] ERROR Managers.ConnectionManager - Receiving error: Connection reset
2025-04-20 15:09:41.665 [main] INFO  Managers.ConnectionManager - ConnectionManager initialized on port 1234
2025-04-20 15:09:41.667 [main] INFO  Managers.ConnectionManager - Starting TCP server...
2025-04-20 15:09:48.762 [main] INFO  Managers.ConnectionManager - Client connected: /127.0.0.1:50324
2025-04-20 15:10:01.480 [main] DEBUG Managers.ConnectionManager - Received command: 204
2025-04-20 15:10:01.480 [main] DEBUG Managers.ConnectionManager - Deserializing command from byte array (length: 204)
2025-04-20 15:10:01.497 [main] DEBUG Managers.ConnectionManager - Deserialized command: Command.CommandWithArgs@1787f2a0
2025-04-20 15:10:01.511 [main] DEBUG Managers.ConnectionManager - Serializing object of type: Utility.ExecutionResponse
2025-04-20 15:10:01.516 [main] ERROR Managers.ConnectionManager - Sending error: Connection reset by peer
2025-04-20 15:10:01.516 [main] INFO  Managers.ConnectionManager - Starting TCP server...
2025-04-20 15:10:17.290 [main] INFO  Managers.ConnectionManager - Client connected: /127.0.0.1:50331
2025-04-20 15:10:23.918 [main] DEBUG Managers.ConnectionManager - Received command: 204
2025-04-20 15:10:23.918 [main] DEBUG Managers.ConnectionManager - Deserializing command from byte array (length: 204)
2025-04-20 15:10:23.918 [main] DEBUG Managers.ConnectionManager - Deserialized command: Command.CommandWithArgs@4c012563
2025-04-20 15:10:23.921 [main] DEBUG Managers.ConnectionManager - Serializing object of type: Utility.ExecutionResponse
2025-04-20 15:10:23.921 [main] DEBUG Managers.ConnectionManager - Sent object
2025-04-20 15:10:23.921 [main] INFO  Managers.ConnectionManager - Starting TCP server...
