2025-04-17 14:42:33.245 [main] INFO  Managers.ConnectionManager - ConnectionManager initialized on port 1234
2025-04-17 14:42:33.246 [main] DEBUG Managers.ConnectionManager - Waiting for incoming datagram...
2025-04-17 14:42:38.148 [main] INFO  Managers.ConnectionManager - Received datagram from /127.0.0.1:58945 (204 bytes)
2025-04-17 14:42:38.148 [main] DEBUG Managers.ConnectionManager - Deserializing command from byte array (length: 65535)
2025-04-17 14:42:38.175 [main] DEBUG Managers.ConnectionManager - Deserialized command: Command.CommandWithArgs@393671df
2025-04-17 14:42:38.176 [main] DEBUG Managers.ConnectionManager - Serializing object of type: Utility.ExecutionResponse
2025-04-17 14:42:38.179 [main] DEBUG Managers.ConnectionManager - Sending response to /127.0.0.1:58945 (2029 bytes)
2025-04-17 14:42:38.180 [main] DEBUG Managers.ConnectionManager - Response sent successfully
2025-04-17 14:42:38.180 [main] DEBUG Managers.ConnectionManager - Waiting for incoming datagram...
2025-04-17 14:42:43.546 [main] INFO  Managers.ConnectionManager - Received datagram from /127.0.0.1:58945 (204 bytes)
2025-04-17 14:42:43.547 [main] DEBUG Managers.ConnectionManager - Deserializing command from byte array (length: 65535)
2025-04-17 14:42:43.547 [main] DEBUG Managers.ConnectionManager - Deserialized command: Command.CommandWithArgs@1d9b7cce
2025-04-17 14:42:43.548 [main] DEBUG Managers.ConnectionManager - Serializing object of type: Utility.ExecutionResponse
2025-04-17 14:42:43.548 [main] DEBUG Managers.ConnectionManager - Sending response to /127.0.0.1:58945 (109 bytes)
2025-04-17 14:42:43.548 [main] DEBUG Managers.ConnectionManager - Response sent successfully
2025-04-17 14:42:43.548 [main] DEBUG Managers.ConnectionManager - Waiting for incoming datagram...
2025-04-17 14:43:09.131 [main] INFO  Managers.ConnectionManager - Received datagram from /127.0.0.1:52710 (878 bytes)
2025-04-17 14:43:09.131 [main] DEBUG Managers.ConnectionManager - Deserializing command from byte array (length: 65535)
2025-04-17 14:43:09.133 [main] ERROR Managers.ConnectionManager - Deserialization error: model.Route; local class incompatible: stream classdesc serialVersionUID = -4733499868750594418, local class serialVersionUID = -6196398766441480546
java.io.InvalidClassException: model.Route; local class incompatible: stream classdesc serialVersionUID = -4733499868750594418, local class serialVersionUID = -6196398766441480546
	at java.base/java.io.ObjectStreamClass.initNonProxy(ObjectStreamClass.java:598)
	at java.base/java.io.ObjectInputStream.readNonProxyDesc(ObjectInputStream.java:2078)
	at java.base/java.io.ObjectInputStream.readClassDesc(ObjectInputStream.java:1927)
	at java.base/java.io.ObjectInputStream.readOrdinaryObject(ObjectInputStream.java:2252)
	at java.base/java.io.ObjectInputStream.readObject0(ObjectInputStream.java:1762)
	at java.base/java.io.ObjectInputStream$FieldValues.<init>(ObjectInputStream.java:2618)
	at java.base/java.io.ObjectInputStream.readSerialData(ObjectInputStream.java:2469)
	at java.base/java.io.ObjectInputStream.readOrdinaryObject(ObjectInputStream.java:2284)
	at java.base/java.io.ObjectInputStream.readObject0(ObjectInputStream.java:1762)
	at java.base/java.io.ObjectInputStream.readObject(ObjectInputStream.java:540)
	at java.base/java.io.ObjectInputStream.readObject(ObjectInputStream.java:498)
	at Managers.ConnectionManager.deserialize(ConnectionManager.java:35)
	at Utility.ConnectionStarter.run(ConnectionStarter.java:16)
	at Server.main(Server.java:36)
2025-04-17 14:43:53.807 [main] INFO  Managers.ConnectionManager - ConnectionManager initialized on port 1234
2025-04-17 14:43:53.810 [main] DEBUG Managers.ConnectionManager - Waiting for incoming datagram...
2025-04-17 14:44:37.863 [main] INFO  Managers.ConnectionManager - Received datagram from /127.0.0.1:63060 (869 bytes)
2025-04-17 14:44:37.863 [main] DEBUG Managers.ConnectionManager - Deserializing command from byte array (length: 65535)
2025-04-17 14:44:37.884 [main] ERROR Managers.ConnectionManager - Deserialization error: model.Route; local class incompatible: stream classdesc serialVersionUID = -4733499868750594418, local class serialVersionUID = -6196398766441480546
java.io.InvalidClassException: model.Route; local class incompatible: stream classdesc serialVersionUID = -4733499868750594418, local class serialVersionUID = -6196398766441480546
	at java.base/java.io.ObjectStreamClass.initNonProxy(ObjectStreamClass.java:598)
	at java.base/java.io.ObjectInputStream.readNonProxyDesc(ObjectInputStream.java:2078)
	at java.base/java.io.ObjectInputStream.readClassDesc(ObjectInputStream.java:1927)
	at java.base/java.io.ObjectInputStream.readOrdinaryObject(ObjectInputStream.java:2252)
	at java.base/java.io.ObjectInputStream.readObject0(ObjectInputStream.java:1762)
	at java.base/java.io.ObjectInputStream$FieldValues.<init>(ObjectInputStream.java:2618)
	at java.base/java.io.ObjectInputStream.readSerialData(ObjectInputStream.java:2469)
	at java.base/java.io.ObjectInputStream.readOrdinaryObject(ObjectInputStream.java:2284)
	at java.base/java.io.ObjectInputStream.readObject0(ObjectInputStream.java:1762)
	at java.base/java.io.ObjectInputStream.readObject(ObjectInputStream.java:540)
	at java.base/java.io.ObjectInputStream.readObject(ObjectInputStream.java:498)
	at Managers.ConnectionManager.deserialize(ConnectionManager.java:35)
	at Utility.ConnectionStarter.run(ConnectionStarter.java:16)
	at Server.main(Server.java:36)
2025-04-17 14:45:06.570 [main] INFO  Managers.ConnectionManager - ConnectionManager initialized on port 1234
2025-04-17 14:45:06.571 [main] DEBUG Managers.ConnectionManager - Waiting for incoming datagram...
2025-04-17 14:45:08.667 [main] INFO  Managers.ConnectionManager - Received datagram from /127.0.0.1:63061 (204 bytes)
2025-04-17 14:45:08.668 [main] DEBUG Managers.ConnectionManager - Deserializing command from byte array (length: 65535)
2025-04-17 14:45:08.688 [main] DEBUG Managers.ConnectionManager - Deserialized command: Command.CommandWithArgs@393671df
2025-04-17 14:45:08.689 [main] DEBUG Managers.ConnectionManager - Serializing object of type: Utility.ExecutionResponse
2025-04-17 14:45:08.693 [main] DEBUG Managers.ConnectionManager - Sending response to /127.0.0.1:63061 (2029 bytes)
2025-04-17 14:45:08.693 [main] DEBUG Managers.ConnectionManager - Response sent successfully
2025-04-17 14:45:08.693 [main] DEBUG Managers.ConnectionManager - Waiting for incoming datagram...
2025-04-17 14:45:41.141 [main] INFO  Managers.ConnectionManager - Received datagram from /127.0.0.1:63061 (204 bytes)
2025-04-17 14:45:41.142 [main] DEBUG Managers.ConnectionManager - Deserializing command from byte array (length: 65535)
2025-04-17 14:45:41.142 [main] DEBUG Managers.ConnectionManager - Deserialized command: Command.CommandWithArgs@1d9b7cce
2025-04-17 14:45:41.142 [main] DEBUG Managers.ConnectionManager - Serializing object of type: Utility.ExecutionResponse
2025-04-17 14:45:41.143 [main] DEBUG Managers.ConnectionManager - Sending response to /127.0.0.1:63061 (2029 bytes)
2025-04-17 14:45:41.143 [main] DEBUG Managers.ConnectionManager - Response sent successfully
2025-04-17 14:45:41.143 [main] DEBUG Managers.ConnectionManager - Waiting for incoming datagram...
2025-04-17 14:45:43.860 [main] INFO  Managers.ConnectionManager - Received datagram from /127.0.0.1:63061 (204 bytes)
2025-04-17 14:45:43.861 [main] DEBUG Managers.ConnectionManager - Deserializing command from byte array (length: 65535)
2025-04-17 14:45:43.861 [main] DEBUG Managers.ConnectionManager - Deserialized command: Command.CommandWithArgs@14dd9eb7
2025-04-17 14:45:43.861 [main] DEBUG Managers.ConnectionManager - Serializing object of type: Utility.ExecutionResponse
2025-04-17 14:45:43.861 [main] DEBUG Managers.ConnectionManager - Sending response to /127.0.0.1:63061 (92 bytes)
2025-04-17 14:45:43.861 [main] DEBUG Managers.ConnectionManager - Response sent successfully
2025-04-17 14:45:43.861 [main] DEBUG Managers.ConnectionManager - Waiting for incoming datagram...
2025-04-17 14:45:55.439 [main] INFO  Managers.ConnectionManager - Received datagram from /127.0.0.1:63061 (204 bytes)
2025-04-17 14:45:55.439 [main] DEBUG Managers.ConnectionManager - Deserializing command from byte array (length: 65535)
2025-04-17 14:45:55.440 [main] DEBUG Managers.ConnectionManager - Deserialized command: Command.CommandWithArgs@62150f9e
2025-04-17 14:45:55.440 [main] DEBUG Managers.ConnectionManager - Serializing object of type: Utility.ExecutionResponse
2025-04-17 14:45:55.440 [main] DEBUG Managers.ConnectionManager - Sending response to /127.0.0.1:63061 (339 bytes)
2025-04-17 14:45:55.440 [main] DEBUG Managers.ConnectionManager - Response sent successfully
2025-04-17 14:45:55.440 [main] DEBUG Managers.ConnectionManager - Waiting for incoming datagram...
2025-04-17 14:46:12.328 [main] INFO  Managers.ConnectionManager - Received datagram from /127.0.0.1:63061 (204 bytes)
2025-04-17 14:46:12.328 [main] DEBUG Managers.ConnectionManager - Deserializing command from byte array (length: 65535)
2025-04-17 14:46:12.328 [main] DEBUG Managers.ConnectionManager - Deserialized command: Command.CommandWithArgs@15ff3e9e
2025-04-17 14:46:12.328 [main] DEBUG Managers.ConnectionManager - Serializing object of type: Utility.ExecutionResponse
2025-04-17 14:46:12.328 [main] DEBUG Managers.ConnectionManager - Sending response to /127.0.0.1:63061 (339 bytes)
2025-04-17 14:46:12.328 [main] DEBUG Managers.ConnectionManager - Response sent successfully
2025-04-17 14:46:12.328 [main] DEBUG Managers.ConnectionManager - Waiting for incoming datagram...
2025-04-17 14:46:30.401 [main] INFO  Managers.ConnectionManager - Received datagram from /127.0.0.1:63061 (204 bytes)
2025-04-17 14:46:30.401 [main] DEBUG Managers.ConnectionManager - Deserializing command from byte array (length: 65535)
2025-04-17 14:46:30.401 [main] DEBUG Managers.ConnectionManager - Deserialized command: Command.CommandWithArgs@5e0826e7
2025-04-17 14:46:30.401 [main] DEBUG Managers.ConnectionManager - Serializing object of type: Utility.ExecutionResponse
2025-04-17 14:46:30.401 [main] DEBUG Managers.ConnectionManager - Sending response to /127.0.0.1:63061 (339 bytes)
2025-04-17 14:46:30.402 [main] DEBUG Managers.ConnectionManager - Response sent successfully
2025-04-17 14:46:30.402 [main] DEBUG Managers.ConnectionManager - Waiting for incoming datagram...
2025-04-17 14:57:16.405 [main] INFO  Managers.ConnectionManager - Received datagram from /127.0.0.1:63491 (877 bytes)
2025-04-17 14:57:16.406 [main] DEBUG Managers.ConnectionManager - Deserializing command from byte array (length: 65535)
2025-04-17 14:57:16.407 [main] ERROR Managers.ConnectionManager - Deserialization error: model.Route; local class incompatible: stream classdesc serialVersionUID = -4733499868750594418, local class serialVersionUID = -6196398766441480546
java.io.InvalidClassException: model.Route; local class incompatible: stream classdesc serialVersionUID = -4733499868750594418, local class serialVersionUID = -6196398766441480546
	at java.base/java.io.ObjectStreamClass.initNonProxy(ObjectStreamClass.java:598)
	at java.base/java.io.ObjectInputStream.readNonProxyDesc(ObjectInputStream.java:2078)
	at java.base/java.io.ObjectInputStream.readClassDesc(ObjectInputStream.java:1927)
	at java.base/java.io.ObjectInputStream.readOrdinaryObject(ObjectInputStream.java:2252)
	at java.base/java.io.ObjectInputStream.readObject0(ObjectInputStream.java:1762)
	at java.base/java.io.ObjectInputStream$FieldValues.<init>(ObjectInputStream.java:2618)
	at java.base/java.io.ObjectInputStream.readSerialData(ObjectInputStream.java:2469)
	at java.base/java.io.ObjectInputStream.readOrdinaryObject(ObjectInputStream.java:2284)
	at java.base/java.io.ObjectInputStream.readObject0(ObjectInputStream.java:1762)
	at java.base/java.io.ObjectInputStream.readObject(ObjectInputStream.java:540)
	at java.base/java.io.ObjectInputStream.readObject(ObjectInputStream.java:498)
	at Managers.ConnectionManager.deserialize(ConnectionManager.java:35)
	at Utility.ConnectionStarter.run(ConnectionStarter.java:16)
	at Server.main(Server.java:36)
2025-04-17 15:00:26.905 [main] INFO  Managers.ConnectionManager - ConnectionManager initialized on port 1234
2025-04-17 15:00:26.907 [main] DEBUG Managers.ConnectionManager - Waiting for incoming datagram...
2025-04-17 15:00:41.160 [main] INFO  Managers.ConnectionManager - Received datagram from /127.0.0.1:53153 (869 bytes)
2025-04-17 15:00:41.160 [main] DEBUG Managers.ConnectionManager - Deserializing command from byte array (length: 65535)
2025-04-17 15:00:41.182 [main] ERROR Managers.ConnectionManager - Deserialization error: model.Route; local class incompatible: stream classdesc serialVersionUID = -4733499868750594418, local class serialVersionUID = -6196398766441480546
java.io.InvalidClassException: model.Route; local class incompatible: stream classdesc serialVersionUID = -4733499868750594418, local class serialVersionUID = -6196398766441480546
	at java.base/java.io.ObjectStreamClass.initNonProxy(ObjectStreamClass.java:598)
	at java.base/java.io.ObjectInputStream.readNonProxyDesc(ObjectInputStream.java:2078)
	at java.base/java.io.ObjectInputStream.readClassDesc(ObjectInputStream.java:1927)
	at java.base/java.io.ObjectInputStream.readOrdinaryObject(ObjectInputStream.java:2252)
	at java.base/java.io.ObjectInputStream.readObject0(ObjectInputStream.java:1762)
	at java.base/java.io.ObjectInputStream$FieldValues.<init>(ObjectInputStream.java:2618)
	at java.base/java.io.ObjectInputStream.readSerialData(ObjectInputStream.java:2469)
	at java.base/java.io.ObjectInputStream.readOrdinaryObject(ObjectInputStream.java:2284)
	at java.base/java.io.ObjectInputStream.readObject0(ObjectInputStream.java:1762)
	at java.base/java.io.ObjectInputStream.readObject(ObjectInputStream.java:540)
	at java.base/java.io.ObjectInputStream.readObject(ObjectInputStream.java:498)
	at Managers.ConnectionManager.deserialize(ConnectionManager.java:35)
	at Utility.ConnectionStarter.run(ConnectionStarter.java:16)
	at Server.main(Server.java:36)
